<?xml version="1.0" encoding="UTF-8"?>
<!-- Generated by org.testng.reporters.JUnitReportReporter -->
<testsuite hostname="AGMPADSL17" failures="0" tests="4" name="runner.TestNgRunner" time="32.371" errors="0" timestamp="2024-08-28T01:28:26 IST" skipped="0">
  <testcase classname="runner.TestNgRunner" name="runScenario" time="6.761"/>
  <testcase classname="runner.TestNgRunner" name="runScenario" time="12.069"/>
  <testcase classname="runner.TestNgRunner" name="runScenario" time="6.840"/>
  <testcase classname="runner.TestNgRunner" name="runScenario" time="6.701"/>
</testsuite> <!-- runner.TestNgRunner -->
